{"numFailedTestSuites":0,"numFailedTests":0,"numPassedTestSuites":2,"numPassedTests":5,"numPendingTestSuites":0,"numPendingTests":0,"numRuntimeErrorTestSuites":0,"numTodoTests":0,"numTotalTestSuites":2,"numTotalTests":5,"openHandles":[],"snapshot":{"added":0,"didUpdate":false,"failure":false,"filesAdded":0,"filesRemoved":0,"filesRemovedList":[],"filesUnmatched":0,"filesUpdated":0,"matched":0,"total":0,"unchecked":0,"uncheckedKeysByFile":[],"unmatched":0,"updated":0},"startTime":1749685563538,"success":true,"testResults":[{"assertionResults":[{"ancestorTitles":["emolDirector Tests"],"duration":12,"failureDetails":[],"failureMessages":[],"fullName":"emolDirector Tests should build page info correctly","invocations":1,"location":null,"numPassingAsserts":1,"retryReasons":[],"status":"passed","title":"should build page info correctly"}],"endTime":1749685569962,"message":"","name":"/home/benjamin/Personal/news_scraper/app/tests/emolDirector.test.js","startTime":1749685563650,"status":"passed","summary":""},{"assertionResults":[{"ancestorTitles":["GetEmolNews"],"duration":24185,"failureDetails":[],"failureMessages":[],"fullName":"GetEmolNews should fetch 10 news by default","invocations":1,"location":null,"numPassingAsserts":2,"retryReasons":[],"status":"passed","title":"should fetch 10 news by default"},{"ancestorTitles":["GetEmolNews"],"duration":18813,"failureDetails":[],"failureMessages":[],"fullName":"GetEmolNews should fetch 5 news when limit is set to 5","invocations":1,"location":null,"numPassingAsserts":2,"retryReasons":[],"status":"passed","title":"should fetch 5 news when limit is set to 5"},{"ancestorTitles":["GetEmolNews"],"duration":13252,"failureDetails":[],"failureMessages":[],"fullName":"GetEmolNews should fetch news with correct structure","invocations":1,"location":null,"numPassingAsserts":4,"retryReasons":[],"status":"passed","title":"should fetch news with correct structure"},{"ancestorTitles":["GetEmolNews"],"duration":600,"failureDetails":[],"failureMessages":[],"fullName":"GetEmolNews should handle empty page gracefully","invocations":1,"location":null,"numPassingAsserts":1,"retryReasons":[],"status":"passed","title":"should handle empty page gracefully"}],"endTime":1749685620983,"message":"","name":"/home/benjamin/Personal/news_scraper/app/tests/getNewsEmol.test.js","startTime":1749685563650,"status":"passed","summary":""}],"wasInterrupted":false}
